<testsuites>
    <testsuite name="openapi-validator-proxy" tests="{{testcases.len()}}" failures="{{failed_testcases}}">{% for case in testcases %}
        <testcase name="{{case.name}}" time="{{case.time}}">
            <system-out>{% for prop in case.properties %}
[[PROPERTY|{{prop.name}}={{prop.value}}]]{% endfor %}
            </system-out>{% for failure in case.failures %}
            <failure type="{{failure.type}}" message="failure">{% for prop in case.properties %}
[[PROPERTY|{{prop.name}}={{prop.value}}]]{% endfor %}

Failure message:
{{ failure.text|safe }}{% if let Some(report) = failure.report %}
{{ report | fmt("{:?}") | safe }}{% endif %}
            </failure>{% endfor %}
        </testcase>{% endfor %}
    </testsuite>
</testsuites>
